Using pre-set license
Built from '2022.3/staging' branch; Version is '2022.3.3f1 (7cdc2969a641) revision 8182825'; Using compiler version '192829333'; Build Type 'Release'
OS: 'Windows 11  (10.0.22621) 64bit Professional' Language: 'ja' Physical Memory: 8030 MB
BatchMode: 1, IsHumanControllingUs: 0, StartBugReporterOnCrash: 0, Is64bit: 1, IsPro: 1

COMMAND LINE ARGUMENTS:
C:\Program Files\Unity\Hub\Editor\2022.3.3f1\Editor\Unity.exe
-adb2
-batchMode
-noUpm
-name
AssetImportWorker0
-projectPath
C:/Users/CSLT86/Documents/WhiteMask
-logFile
Logs/AssetImportWorker0.log
-srvPort
53352
Successfully changed project path to: C:/Users/CSLT86/Documents/WhiteMask
C:/Users/CSLT86/Documents/WhiteMask
[UnityMemory] Configuration Parameters - Can be set up in boot.config
    "memorysetup-bucket-allocator-granularity=16"
    "memorysetup-bucket-allocator-bucket-count=8"
    "memorysetup-bucket-allocator-block-size=33554432"
    "memorysetup-bucket-allocator-block-count=8"
    "memorysetup-main-allocator-block-size=16777216"
    "memorysetup-thread-allocator-block-size=16777216"
    "memorysetup-gfx-main-allocator-block-size=16777216"
    "memorysetup-gfx-thread-allocator-block-size=16777216"
    "memorysetup-cache-allocator-block-size=4194304"
    "memorysetup-typetree-allocator-block-size=2097152"
    "memorysetup-profiler-bucket-allocator-granularity=16"
    "memorysetup-profiler-bucket-allocator-bucket-count=8"
    "memorysetup-profiler-bucket-allocator-block-size=33554432"
    "memorysetup-profiler-bucket-allocator-block-count=8"
    "memorysetup-profiler-allocator-block-size=16777216"
    "memorysetup-profiler-editor-allocator-block-size=1048576"
    "memorysetup-temp-allocator-size-main=16777216"
    "memorysetup-job-temp-allocator-block-size=2097152"
    "memorysetup-job-temp-allocator-block-size-background=1048576"
    "memorysetup-job-temp-allocator-reduction-small-platforms=262144"
    "memorysetup-allocator-temp-initial-block-size-main=262144"
    "memorysetup-allocator-temp-initial-block-size-worker=262144"
    "memorysetup-temp-allocator-size-background-worker=32768"
    "memorysetup-temp-allocator-size-job-worker=262144"
    "memorysetup-temp-allocator-size-preload-manager=33554432"
    "memorysetup-temp-allocator-size-nav-mesh-worker=65536"
    "memorysetup-temp-allocator-size-audio-worker=65536"
    "memorysetup-temp-allocator-size-cloud-worker=32768"
    "memorysetup-temp-allocator-size-gi-baking-worker=262144"
    "memorysetup-temp-allocator-size-gfx=262144"
Player connection [18736] Host "[IP] 172.23.72.56 [Port] 0 [Flags] 2 [Guid] 3178986257 [EditorId] 3178986257 [Version] 1048832 [Id] WindowsEditor(7,DESKTOP-9P6N2RG) [Debug] 1 [PackageName] WindowsEditor [ProjectName] Editor" joined multi-casting on [225.0.0.222:54997]...

Player connection [18736] Host "[IP] 172.23.72.56 [Port] 0 [Flags] 2 [Guid] 3178986257 [EditorId] 3178986257 [Version] 1048832 [Id] WindowsEditor(7,DESKTOP-9P6N2RG) [Debug] 1 [PackageName] WindowsEditor [ProjectName] Editor" joined alternative multi-casting on [225.0.0.222:34997]...

Refreshing native plugins compatible for Editor in 58.59 ms, found 4 plugins.
Preloading 0 native plugins for Editor in 0.00 ms.
Initialize engine version: 2022.3.3f1 (7cdc2969a641)
[Subsystems] Discovering subsystems at path C:/Program Files/Unity/Hub/Editor/2022.3.3f1/Editor/Data/Resources/UnitySubsystems
[Subsystems] Discovering subsystems at path C:/Users/CSLT86/Documents/WhiteMask/Assets
GfxDevice: creating device client; threaded=0; jobified=0
Direct3D:
    Version:  Direct3D 11.0 [level 11.1]
    Renderer: Intel(R) UHD Graphics 630 (ID=0x3e92)
    Vendor:   Intel
    VRAM:     4015 MB
    Driver:   30.0.101.1340
Initialize mono
Mono path[0] = 'C:/Program Files/Unity/Hub/Editor/2022.3.3f1/Editor/Data/Managed'
Mono path[1] = 'C:/Program Files/Unity/Hub/Editor/2022.3.3f1/Editor/Data/MonoBleedingEdge/lib/mono/unityjit-win32'
Mono config path = 'C:/Program Files/Unity/Hub/Editor/2022.3.3f1/Editor/Data/MonoBleedingEdge/etc'
Using monoOptions --debugger-agent=transport=dt_socket,embedding=1,server=y,suspend=n,address=127.0.0.1:56348
Begin MonoManager ReloadAssembly
Registering precompiled unity dll's ...
Register platform support module: C:/Program Files/Unity/Hub/Editor/2022.3.3f1/Editor/Data/PlaybackEngines/WindowsStandaloneSupport/UnityEditor.WindowsStandalone.Extensions.dll
Registered in 0.025428 seconds.
- Loaded All Assemblies, in  0.921 seconds
Native extension for WindowsStandalone target not found
Mono: successfully reloaded assembly
- Finished resetting the current domain, in  0.342 seconds
Domain Reload Profiling: 1260ms
	BeginReloadAssembly (436ms)
		ExecutionOrderSort (0ms)
		DisableScriptedObjects (0ms)
		BackupInstance (0ms)
		ReleaseScriptingObjects (0ms)
		CreateAndSetChildDomain (1ms)
	RebuildCommonClasses (83ms)
	RebuildNativeTypeToScriptingClass (14ms)
	initialDomainReloadingComplete (111ms)
	LoadAllAssembliesAndSetupDomain (273ms)
		LoadAssemblies (438ms)
		RebuildTransferFunctionScriptingTraits (0ms)
		AnalyzeDomain (255ms)
			TypeCache.Refresh (255ms)
				TypeCache.ScanAssembly (224ms)
			ScanForSourceGeneratedMonoScriptInfo (0ms)
			ResolveRequiredComponents (1ms)
	FinalizeReload (343ms)
		ReleaseScriptCaches (0ms)
		RebuildScriptCaches (0ms)
		SetupLoadedEditorAssemblies (261ms)
			LogAssemblyErrors (0ms)
			InitializePlatformSupportModulesInManaged (12ms)
			SetLoadedEditorAssemblies (10ms)
			RefreshPlugins (0ms)
			BeforeProcessingInitializeOnLoad (3ms)
			ProcessInitializeOnLoadAttributes (171ms)
			ProcessInitializeOnLoadMethodAttributes (64ms)
			AfterProcessingInitializeOnLoad (0ms)
			EditorAssembliesLoaded (0ms)
		ExecutionOrderSort2 (0ms)
		AwakeInstancesAfterBackupRestoration (0ms)
========================================================================
Worker process is ready to serve import requests
Begin MonoManager ReloadAssembly
Symbol file LoadedFromMemory doesn't match image C:\Users\CSLT86\Documents\WhiteMask\Library\PackageCache\com.unity.visualscripting@1.8.0\Editor\VisualScripting.Core\Dependencies\YamlDotNet\Unity.VisualScripting.YamlDotNet.dll
Symbol file LoadedFromMemory doesn't match image C:\Users\CSLT86\Documents\WhiteMask\Library\PackageCache\com.unity.visualscripting@1.8.0\Editor\VisualScripting.Core\Dependencies\DotNetZip\Unity.VisualScripting.IonicZip.dll
- Loaded All Assemblies, in  1.905 seconds
Refreshing native plugins compatible for Editor in 39.19 ms, found 4 plugins.
Native extension for WindowsStandalone target not found
Mono: successfully reloaded assembly
- Finished resetting the current domain, in  0.637 seconds
Domain Reload Profiling: 2536ms
	BeginReloadAssembly (440ms)
		ExecutionOrderSort (0ms)
		DisableScriptedObjects (6ms)
		BackupInstance (0ms)
		ReleaseScriptingObjects (0ms)
		CreateAndSetChildDomain (30ms)
	RebuildCommonClasses (63ms)
	RebuildNativeTypeToScriptingClass (13ms)
	initialDomainReloadingComplete (110ms)
	LoadAllAssembliesAndSetupDomain (1272ms)
		LoadAssemblies (1053ms)
		RebuildTransferFunctionScriptingTraits (0ms)
		AnalyzeDomain (565ms)
			TypeCache.Refresh (530ms)
				TypeCache.ScanAssembly (501ms)
			ScanForSourceGeneratedMonoScriptInfo (28ms)
			ResolveRequiredComponents (7ms)
	FinalizeReload (638ms)
		ReleaseScriptCaches (0ms)
		RebuildScriptCaches (0ms)
		SetupLoadedEditorAssemblies (453ms)
			LogAssemblyErrors (0ms)
			InitializePlatformSupportModulesInManaged (7ms)
			SetLoadedEditorAssemblies (4ms)
			RefreshPlugins (0ms)
			BeforeProcessingInitializeOnLoad (87ms)
			ProcessInitializeOnLoadAttributes (309ms)
			ProcessInitializeOnLoadMethodAttributes (37ms)
			AfterProcessingInitializeOnLoad (10ms)
			EditorAssembliesLoaded (0ms)
		ExecutionOrderSort2 (0ms)
		AwakeInstancesAfterBackupRestoration (8ms)
Launched and connected shader compiler UnityShaderCompiler.exe after 0.08 seconds
Refreshing native plugins compatible for Editor in 13.42 ms, found 4 plugins.
Preloading 0 native plugins for Editor in 0.00 ms.
Unloading 4118 Unused Serialized files (Serialized files now loaded: 0)
Unloading 63 unused Assets / (60.8 KB). Loaded Objects now: 4583.
Memory consumption went from 144.5 MB to 144.5 MB.
Total: 4.281200 ms (FindLiveObjects: 0.358500 ms CreateObjectMapping: 0.310900 ms MarkObjects: 3.432400 ms  DeleteObjects: 0.178500 ms)

AssetImportParameters requested are different than current active one (requested -> active):
  custom:container-demuxer-ogg: 62fdf1f143b41e24485cea50d1cbac27 -> 
  custom:video-decoder-ogg-theora: a1e56fd34408186e4bbccfd4996cb3dc -> 
  custom:framework-win-MediaFoundation: 216162199b28c13a410421893ffa2e32 -> 
  custom:container-demuxer-webm: 4f35f7cbe854078d1ac9338744f61a02 -> 
  custom:container-muxer-webm: aa71ff27fc2769a1b78a27578f13a17b -> 
  custom:video-decoder-webm-vp8: 9c59270c3fd7afecdb556c50c9e8de78 -> 
  custom:AudioImporter_EditorPlatform: d09bf68614088b80899f8185d706f6e7 -> 
  custom:video-encoder-webm-vp8: eb34c28f22e8b96e1ab97ce403110664 -> 
  custom:audio-decoder-ogg-vorbis: bf7c407c2cedff20999df2af8eb42d56 -> 
  custom:audio-encoder-webm-vorbis: bf7c407c2cedff20999df2af8eb42d56 -> 
========================================================================
Received Import Request.
  Time since last request: 63281.076624 seconds.
  path: Assets/Images/balloonSkeleton.png
  artifactKey: Guid(8722b89683de3d44690d0d5c640bea3b) Importer(815301076,1909f56bfc062723c751e8b465ee728b)
Start importing Assets/Images/balloonSkeleton.png using Guid(8722b89683de3d44690d0d5c640bea3b) Importer(815301076,1909f56bfc062723c751e8b465ee728b)  -> (artifact id: '61e88f1339d047c674f5cf7c61adfca3') in 0.089506 seconds
Number of updated asset objects reloaded before import = 0
Number of asset objects unloaded after import = 3
========================================================================
Received Import Request.
  Time since last request: 0.000028 seconds.
  path: Assets/Images/balloon.png
  artifactKey: Guid(e4d1656e110303a4983fba917b9c3415) Importer(815301076,1909f56bfc062723c751e8b465ee728b)
Start importing Assets/Images/balloon.png using Guid(e4d1656e110303a4983fba917b9c3415) Importer(815301076,1909f56bfc062723c751e8b465ee728b)  -> (artifact id: 'aa0cd2490509f6f5b7c9d3c62a41c4ee') in 0.052566 seconds
Number of updated asset objects reloaded before import = 0
Number of asset objects unloaded after import = 8
========================================================================
Received Import Request.
  Time since last request: 0.000018 seconds.
  path: Assets/Images/StarrySky_with_Ground.jpg
  artifactKey: Guid(1e3281f68c54d3242b75f22ac4dd3815) Importer(815301076,1909f56bfc062723c751e8b465ee728b)
Start importing Assets/Images/StarrySky_with_Ground.jpg using Guid(1e3281f68c54d3242b75f22ac4dd3815) Importer(815301076,1909f56bfc062723c751e8b465ee728b)  -> (artifact id: 'eadd59e61273afd5c4a643a4103a9483') in 0.067215 seconds
Number of updated asset objects reloaded before import = 0
Number of asset objects unloaded after import = 3
========================================================================
Received Import Request.
  Time since last request: 0.000137 seconds.
  path: Assets/Images/flame06.png
  artifactKey: Guid(ea0d290107d8db342a79bbb578b007cc) Importer(815301076,1909f56bfc062723c751e8b465ee728b)
Start importing Assets/Images/flame06.png using Guid(ea0d290107d8db342a79bbb578b007cc) Importer(815301076,1909f56bfc062723c751e8b465ee728b)  -> (artifact id: '36a000e5e5ebb39a3d7b08b15c71cffb') in 0.035793 seconds
Number of updated asset objects reloaded before import = 0
Number of asset objects unloaded after import = 3
========================================================================
Received Import Request.
  Time since last request: 0.000027 seconds.
  path: Assets/Images/棒人間.png
  artifactKey: Guid(32b583e4b8f665745a09bcfd9de7f16e) Importer(815301076,1909f56bfc062723c751e8b465ee728b)
Start importing Assets/Images/棒人間.png using Guid(32b583e4b8f665745a09bcfd9de7f16e) Importer(815301076,1909f56bfc062723c751e8b465ee728b)  -> (artifact id: 'db9dc946e01cabd3d59cd4aa067900e3') in 0.059003 seconds
Number of updated asset objects reloaded before import = 0
Number of asset objects unloaded after import = 6
========================================================================
Received Import Request.
  Time since last request: 0.000021 seconds.
  path: Assets/Images/New Palette.prefab
  artifactKey: Guid(c6f5a9e0b3e1fcf41b70547e1b372a92) Importer(815301076,1909f56bfc062723c751e8b465ee728b)
Start importing Assets/Images/New Palette.prefab using Guid(c6f5a9e0b3e1fcf41b70547e1b372a92) Importer(815301076,1909f56bfc062723c751e8b465ee728b)  -> (artifact id: 'f90ba71a23ad9d62e1399d8a5c688bec') in 0.075204 seconds
Number of updated asset objects reloaded before import = 0
Number of asset objects unloaded after import = 16
========================================================================
Received Import Request.
  Time since last request: 0.000036 seconds.
  path: Assets/Images/kaseijin_green.png
  artifactKey: Guid(b01408f2dea2cee4b87adba44c627ce8) Importer(815301076,1909f56bfc062723c751e8b465ee728b)
Start importing Assets/Images/kaseijin_green.png using Guid(b01408f2dea2cee4b87adba44c627ce8) Importer(815301076,1909f56bfc062723c751e8b465ee728b)  -> (artifact id: '81b58ee2bb862b0cf4ecfcf41d27fbdc') in 0.027018 seconds
Number of updated asset objects reloaded before import = 0
Number of asset objects unloaded after import = 3
========================================================================
Received Import Request.
  Time since last request: 0.000034 seconds.
  path: Assets/Images/character_monster_slime_green.png
  artifactKey: Guid(7a36234317850144dacb2b4ea7039d5f) Importer(815301076,1909f56bfc062723c751e8b465ee728b)
Start importing Assets/Images/character_monster_slime_green.png using Guid(7a36234317850144dacb2b4ea7039d5f) Importer(815301076,1909f56bfc062723c751e8b465ee728b)  -> (artifact id: '14ff7290ec752c6b5fb2ab753cfcc1f6') in 0.042164 seconds
Number of updated asset objects reloaded before import = 0
Number of asset objects unloaded after import = 3
========================================================================
Received Import Request.
  Time since last request: 0.000028 seconds.
  path: Assets/Images/forest.jpg
  artifactKey: Guid(6b3fc963141c4da44bbc0722b0a07930) Importer(815301076,1909f56bfc062723c751e8b465ee728b)
Start importing Assets/Images/forest.jpg using Guid(6b3fc963141c4da44bbc0722b0a07930) Importer(815301076,1909f56bfc062723c751e8b465ee728b)  -> (artifact id: '3626332b28413bcbd9a2ee426e10b7dd') in 0.064192 seconds
Number of updated asset objects reloaded before import = 0
Number of asset objects unloaded after import = 3
========================================================================
Received Import Request.
  Time since last request: 0.000026 seconds.
  path: Assets/Images/arrowTranslucent.png
  artifactKey: Guid(338cb3c2407277e46b8f672d0c105fef) Importer(815301076,1909f56bfc062723c751e8b465ee728b)
Start importing Assets/Images/arrowTranslucent.png using Guid(338cb3c2407277e46b8f672d0c105fef) Importer(815301076,1909f56bfc062723c751e8b465ee728b)  -> (artifact id: 'c51c7bb84ce7aec80f644b6d34c42e84') in 0.031025 seconds
Number of updated asset objects reloaded before import = 0
Number of asset objects unloaded after import = 3
========================================================================
Received Import Request.
  Time since last request: 0.000024 seconds.
  path: Assets/Images/wall.asset
  artifactKey: Guid(da5336acfa8cb80448aee0a6060acd93) Importer(815301076,1909f56bfc062723c751e8b465ee728b)
Start importing Assets/Images/wall.asset using Guid(da5336acfa8cb80448aee0a6060acd93) Importer(815301076,1909f56bfc062723c751e8b465ee728b)  -> (artifact id: '4729dae87555e93854007ab286fcba6c') in 0.021850 seconds
Number of updated asset objects reloaded before import = 0
Number of asset objects unloaded after import = 3
========================================================================
Received Import Request.
  Time since last request: 0.000064 seconds.
  path: Assets/Images/clock.png
  artifactKey: Guid(b931d349a7d07e94b9dfe2074067b5d8) Importer(815301076,1909f56bfc062723c751e8b465ee728b)
Start importing Assets/Images/clock.png using Guid(b931d349a7d07e94b9dfe2074067b5d8) Importer(815301076,1909f56bfc062723c751e8b465ee728b)  -> (artifact id: 'a02b80133053f7e5721669899065c245') in 0.035365 seconds
Number of updated asset objects reloaded before import = 0
Number of asset objects unloaded after import = 3
========================================================================
Received Import Request.
  Time since last request: 0.000031 seconds.
  path: Assets/Images/flame01.png
  artifactKey: Guid(9edd5bf85fd37834789c23c023976c49) Importer(815301076,1909f56bfc062723c751e8b465ee728b)
Start importing Assets/Images/flame01.png using Guid(9edd5bf85fd37834789c23c023976c49) Importer(815301076,1909f56bfc062723c751e8b465ee728b)  -> (artifact id: '21d52c3ad9dc89e0f3727aeb6ddcc038') in 0.031501 seconds
Number of updated asset objects reloaded before import = 0
Number of asset objects unloaded after import = 3
========================================================================
Received Import Request.
  Time since last request: 0.000079 seconds.
  path: Assets/Images/PurpleBullet.png
  artifactKey: Guid(e2c63718fd3efbe48a1368c5ea1485b6) Importer(815301076,1909f56bfc062723c751e8b465ee728b)
Start importing Assets/Images/PurpleBullet.png using Guid(e2c63718fd3efbe48a1368c5ea1485b6) Importer(815301076,1909f56bfc062723c751e8b465ee728b)  -> (artifact id: '881057e43131aa29807b2db91b901116') in 0.027232 seconds
Number of updated asset objects reloaded before import = 0
Number of asset objects unloaded after import = 3
========================================================================
Received Import Request.
  Time since last request: 0.000017 seconds.
  path: Assets/Images/character_monster_devil_purple.png
  artifactKey: Guid(efdfe9b01252b374aba441167632a36a) Importer(815301076,1909f56bfc062723c751e8b465ee728b)
Start importing Assets/Images/character_monster_devil_purple.png using Guid(efdfe9b01252b374aba441167632a36a) Importer(815301076,1909f56bfc062723c751e8b465ee728b)  -> (artifact id: '126c7fe8e762bf79531538d242f0c77a') in 0.027110 seconds
Number of updated asset objects reloaded before import = 0
Number of asset objects unloaded after import = 3
========================================================================
Received Import Request.
  Time since last request: 0.000020 seconds.
  path: Assets/Images/flame10.png
  artifactKey: Guid(7ba54ab3aea7ecc43a436a0bb12ea2d7) Importer(815301076,1909f56bfc062723c751e8b465ee728b)
Start importing Assets/Images/flame10.png using Guid(7ba54ab3aea7ecc43a436a0bb12ea2d7) Importer(815301076,1909f56bfc062723c751e8b465ee728b)  -> (artifact id: '584848ce5f2b7130495eb01fa70f543d') in 0.034365 seconds
Number of updated asset objects reloaded before import = 0
Number of asset objects unloaded after import = 3
========================================================================
Received Import Request.
  Time since last request: 0.000238 seconds.
  path: Assets/Images/character_monster_dragon_01_white.png
  artifactKey: Guid(69f52b45d106ada4fb2eb677e098d863) Importer(815301076,1909f56bfc062723c751e8b465ee728b)
Start importing Assets/Images/character_monster_dragon_01_white.png using Guid(69f52b45d106ada4fb2eb677e098d863) Importer(815301076,1909f56bfc062723c751e8b465ee728b)  -> (artifact id: 'afdce333e22434463bda32f91ee5ed38') in 0.034606 seconds
Number of updated asset objects reloaded before import = 0
Number of asset objects unloaded after import = 3
========================================================================
Received Import Request.
  Time since last request: 0.000028 seconds.
  path: Assets/Images/character_monster_devil_red.png
  artifactKey: Guid(5abd5b9e0416fd04db877714aa2f9f8d) Importer(815301076,1909f56bfc062723c751e8b465ee728b)
Start importing Assets/Images/character_monster_devil_red.png using Guid(5abd5b9e0416fd04db877714aa2f9f8d) Importer(815301076,1909f56bfc062723c751e8b465ee728b)  -> (artifact id: 'b6c61670816b4f6ee32544d7488ee454') in 0.033261 seconds
Number of updated asset objects reloaded before import = 0
Number of asset objects unloaded after import = 3
========================================================================
Received Import Request.
  Time since last request: 0.000029 seconds.
  path: Assets/Images/slimeShoot.png
  artifactKey: Guid(b1f2a505486bdbb4186c03707bea8587) Importer(815301076,1909f56bfc062723c751e8b465ee728b)
Start importing Assets/Images/slimeShoot.png using Guid(b1f2a505486bdbb4186c03707bea8587) Importer(815301076,1909f56bfc062723c751e8b465ee728b)  -> (artifact id: '7a2ece87f643846893cf3928f3d9ba6e') in 0.035754 seconds
Number of updated asset objects reloaded before import = 0
Number of asset objects unloaded after import = 3
========================================================================
Received Import Request.
  Time since last request: 0.000095 seconds.
  path: Assets/Images/character_oji_01_green_brown.png
  artifactKey: Guid(f8926024f5e47a445a71485cebc2ccab) Importer(815301076,1909f56bfc062723c751e8b465ee728b)
Start importing Assets/Images/character_oji_01_green_brown.png using Guid(f8926024f5e47a445a71485cebc2ccab) Importer(815301076,1909f56bfc062723c751e8b465ee728b)  -> (artifact id: '6018d645c509b92bf8330016c09464ba') in 0.039287 seconds
Number of updated asset objects reloaded before import = 0
Number of asset objects unloaded after import = 3
========================================================================
Received Import Request.
  Time since last request: 0.000040 seconds.
  path: Assets/Images/flame07.png
  artifactKey: Guid(4d94a6ade90012845b92ab621b7791b4) Importer(815301076,1909f56bfc062723c751e8b465ee728b)
Start importing Assets/Images/flame07.png using Guid(4d94a6ade90012845b92ab621b7791b4) Importer(815301076,1909f56bfc062723c751e8b465ee728b)  -> (artifact id: 'a89129750a37133b0fc275822b387a4c') in 0.025801 seconds
Number of updated asset objects reloaded before import = 0
Number of asset objects unloaded after import = 3
========================================================================
Received Import Request.
  Time since last request: 0.000079 seconds.
  path: Assets/Images/character_ningyo_02_blue_pink.png
  artifactKey: Guid(29cfaf7d0f4339648b8f8136a475474a) Importer(815301076,1909f56bfc062723c751e8b465ee728b)
Start importing Assets/Images/character_ningyo_02_blue_pink.png using Guid(29cfaf7d0f4339648b8f8136a475474a) Importer(815301076,1909f56bfc062723c751e8b465ee728b)  -> (artifact id: '10a83d263f8be9fd45a09589d4fdcd08') in 0.031180 seconds
Number of updated asset objects reloaded before import = 0
Number of asset objects unloaded after import = 3
========================================================================
Received Import Request.
  Time since last request: 0.000016 seconds.
  path: Assets/Images/kaseijin_red.png
  artifactKey: Guid(2d40b11af885bac43be254cf7ee55ed9) Importer(815301076,1909f56bfc062723c751e8b465ee728b)
Start importing Assets/Images/kaseijin_red.png using Guid(2d40b11af885bac43be254cf7ee55ed9) Importer(815301076,1909f56bfc062723c751e8b465ee728b)  -> (artifact id: '20b0c29de859e2043b5a411f0a2d06ac') in 0.026039 seconds
Number of updated asset objects reloaded before import = 0
Number of asset objects unloaded after import = 3
========================================================================
Received Import Request.
  Time since last request: 0.000018 seconds.
  path: Assets/Images/kogeki_cut_02.png
  artifactKey: Guid(36f7da2480733f5458d8a7d59c39c73e) Importer(815301076,1909f56bfc062723c751e8b465ee728b)
Start importing Assets/Images/kogeki_cut_02.png using Guid(36f7da2480733f5458d8a7d59c39c73e) Importer(815301076,1909f56bfc062723c751e8b465ee728b)  -> (artifact id: '7a9f057d0766ccc71d5d6be0db0e7386') in 0.024007 seconds
Number of updated asset objects reloaded before import = 0
Number of asset objects unloaded after import = 3
========================================================================
Received Import Request.
  Time since last request: 0.000058 seconds.
  path: Assets/Images/bullet.png
  artifactKey: Guid(e5b1f72b3dc6b8f4a9380cf575e97ef3) Importer(815301076,1909f56bfc062723c751e8b465ee728b)
Start importing Assets/Images/bullet.png using Guid(e5b1f72b3dc6b8f4a9380cf575e97ef3) Importer(815301076,1909f56bfc062723c751e8b465ee728b)  -> (artifact id: '7010d687515b3bf4c1a3eb54d39cd849') in 0.019952 seconds
Number of updated asset objects reloaded before import = 0
Number of asset objects unloaded after import = 3
========================================================================
Received Import Request.
  Time since last request: 0.000018 seconds.
  path: Assets/Images/StarrySky.jpg
  artifactKey: Guid(8a845cc1363346d4aa7c1ae7694ec4ac) Importer(815301076,1909f56bfc062723c751e8b465ee728b)
Start importing Assets/Images/StarrySky.jpg using Guid(8a845cc1363346d4aa7c1ae7694ec4ac) Importer(815301076,1909f56bfc062723c751e8b465ee728b)  -> (artifact id: 'c36f4cf1eb9514780158e1a534902529') in 0.035526 seconds
Number of updated asset objects reloaded before import = 0
Number of asset objects unloaded after import = 3
========================================================================
Received Import Request.
  Time since last request: 0.000020 seconds.
  path: Assets/Images/character_monster_shinigami_02 - Copy.png
  artifactKey: Guid(7e85636300e9ad249ae61930d3647cb4) Importer(815301076,1909f56bfc062723c751e8b465ee728b)
Start importing Assets/Images/character_monster_shinigami_02 - Copy.png using Guid(7e85636300e9ad249ae61930d3647cb4) Importer(815301076,1909f56bfc062723c751e8b465ee728b)  -> (artifact id: 'b2e64b5b1b4650cf10d400cc3f8b0796') in 0.027299 seconds
Number of updated asset objects reloaded before import = 0
Number of asset objects unloaded after import = 3
========================================================================
Received Import Request.
  Time since last request: 0.000019 seconds.
  path: Assets/Images/character_yusha_02_green.png
  artifactKey: Guid(977173becfd039b4185eeb75a3b47f6e) Importer(815301076,1909f56bfc062723c751e8b465ee728b)
Start importing Assets/Images/character_yusha_02_green.png using Guid(977173becfd039b4185eeb75a3b47f6e) Importer(815301076,1909f56bfc062723c751e8b465ee728b)  -> (artifact id: 'b511621cf92701d22e8ce36ac2afecd2') in 0.028991 seconds
Number of updated asset objects reloaded before import = 0
Number of asset objects unloaded after import = 3
========================================================================
Received Import Request.
  Time since last request: 0.000050 seconds.
  path: Assets/Images/character_monster_mao_03.png
  artifactKey: Guid(bae11fd8a2a10d74085557cce49adf38) Importer(815301076,1909f56bfc062723c751e8b465ee728b)
Start importing Assets/Images/character_monster_mao_03.png using Guid(bae11fd8a2a10d74085557cce49adf38) Importer(815301076,1909f56bfc062723c751e8b465ee728b)  -> (artifact id: '800f2e40cd7048263bdf714c3b3e14d2') in 0.033631 seconds
Number of updated asset objects reloaded before import = 0
Number of asset objects unloaded after import = 3
========================================================================
Received Import Request.
  Time since last request: 0.000129 seconds.
  path: Assets/Images/sea.jpg
  artifactKey: Guid(9c7461d3c51de464b85706daf1f1735c) Importer(815301076,1909f56bfc062723c751e8b465ee728b)
Start importing Assets/Images/sea.jpg using Guid(9c7461d3c51de464b85706daf1f1735c) Importer(815301076,1909f56bfc062723c751e8b465ee728b)  -> (artifact id: 'd2d06a1e185f144b9f9623fc4146332c') in 0.041030 seconds
Number of updated asset objects reloaded before import = 0
Number of asset objects unloaded after import = 3
========================================================================
Received Import Request.
  Time since last request: 0.000016 seconds.
  path: Assets/Images/character_monster_shinigami_02.png
  artifactKey: Guid(b5058ba94f64f4a4c9971c906ade3b5b) Importer(815301076,1909f56bfc062723c751e8b465ee728b)
Start importing Assets/Images/character_monster_shinigami_02.png using Guid(b5058ba94f64f4a4c9971c906ade3b5b) Importer(815301076,1909f56bfc062723c751e8b465ee728b)  -> (artifact id: 'e1803ee36080da6c14fe0647fb9daf6d') in 0.032000 seconds
Number of updated asset objects reloaded before import = 0
Number of asset objects unloaded after import = 4
========================================================================
Received Import Request.
  Time since last request: 0.000036 seconds.
  path: Assets/Images/character_monster_dragon_01_red.png
  artifactKey: Guid(52ce068a32253a64984d770bc2ab4631) Importer(815301076,1909f56bfc062723c751e8b465ee728b)
Start importing Assets/Images/character_monster_dragon_01_red.png using Guid(52ce068a32253a64984d770bc2ab4631) Importer(815301076,1909f56bfc062723c751e8b465ee728b)  -> (artifact id: '3ea47676230a3d824b21dc382b2fdd5c') in 0.035374 seconds
Number of updated asset objects reloaded before import = 0
Number of asset objects unloaded after import = 3
========================================================================
Received Import Request.
  Time since last request: 0.000037 seconds.
  path: Assets/Images/bakuhatsu_01.png
  artifactKey: Guid(7a56c66c26961d24b84d9ba3ce3ab1ce) Importer(815301076,1909f56bfc062723c751e8b465ee728b)
Start importing Assets/Images/bakuhatsu_01.png using Guid(7a56c66c26961d24b84d9ba3ce3ab1ce) Importer(815301076,1909f56bfc062723c751e8b465ee728b)  -> (artifact id: '127592f35228c40fd510e04ba5d6b2df') in 0.079982 seconds
Number of updated asset objects reloaded before import = 0
Number of asset objects unloaded after import = 7
========================================================================
Received Import Request.
  Time since last request: 0.007197 seconds.
  path: Assets/Images/character_oji_03_green_brown.png
  artifactKey: Guid(f89274653bf192b4688d4b4ef8b2584e) Importer(815301076,1909f56bfc062723c751e8b465ee728b)
Start importing Assets/Images/character_oji_03_green_brown.png using Guid(f89274653bf192b4688d4b4ef8b2584e) Importer(815301076,1909f56bfc062723c751e8b465ee728b)  -> (artifact id: 'b12e7eee3ad6ae907b547d3ed6dcc13e') in 0.034009 seconds
Number of updated asset objects reloaded before import = 0
Number of asset objects unloaded after import = 3
========================================================================
Received Import Request.
  Time since last request: 0.000023 seconds.
  path: Assets/Images/character_yusha_01_green.png
  artifactKey: Guid(fd6c9fbdbbbd3844685972a6ca6df300) Importer(815301076,1909f56bfc062723c751e8b465ee728b)
Start importing Assets/Images/character_yusha_01_green.png using Guid(fd6c9fbdbbbd3844685972a6ca6df300) Importer(815301076,1909f56bfc062723c751e8b465ee728b)  -> (artifact id: '30cb8c24ab7662671fa60f7b57279024') in 0.036055 seconds
Number of updated asset objects reloaded before import = 0
Number of asset objects unloaded after import = 3
========================================================================
Received Prepare
Refreshing native plugins compatible for Editor in 12.86 ms, found 4 plugins.
Preloading 0 native plugins for Editor in 0.00 ms.
Unloading 0 Unused Serialized files (Serialized files now loaded: 0)
Unloading 1 unused Assets / (0.8 KB). Loaded Objects now: 4641.
Memory consumption went from 80.7 MB to 80.7 MB.
Total: 4.264300 ms (FindLiveObjects: 0.361900 ms CreateObjectMapping: 0.322400 ms MarkObjects: 3.553800 ms  DeleteObjects: 0.025100 ms)

Prepare: number of updated asset objects reloaded= 0
AssetImportParameters requested are different than current active one (requested -> active):
  custom:container-demuxer-ogg: 62fdf1f143b41e24485cea50d1cbac27 -> 
  custom:video-decoder-ogg-theora: a1e56fd34408186e4bbccfd4996cb3dc -> 
  custom:framework-win-MediaFoundation: 216162199b28c13a410421893ffa2e32 -> 
  custom:container-demuxer-webm: 4f35f7cbe854078d1ac9338744f61a02 -> 
  custom:container-muxer-webm: aa71ff27fc2769a1b78a27578f13a17b -> 
  custom:video-decoder-webm-vp8: 9c59270c3fd7afecdb556c50c9e8de78 -> 
  custom:SearchIndexIgnoredProperties: e643bd26f0fe6173181afceb89e7c659 -> 
  custom:AudioImporter_EditorPlatform: d09bf68614088b80899f8185d706f6e7 -> 
  custom:video-encoder-webm-vp8: eb34c28f22e8b96e1ab97ce403110664 -> 
  custom:audio-decoder-ogg-vorbis: bf7c407c2cedff20999df2af8eb42d56 -> 
  custom:audio-encoder-webm-vorbis: bf7c407c2cedff20999df2af8eb42d56 -> 
========================================================================
Received Import Request.
  Time since last request: 34.742582 seconds.
  path: Assets/Prefab/mob_grimReaper.prefab
  artifactKey: Guid(ac9887cf4f11cf948a94e86f415090d2) Importer(815301076,1909f56bfc062723c751e8b465ee728b)
Start importing Assets/Prefab/mob_grimReaper.prefab using Guid(ac9887cf4f11cf948a94e86f415090d2) Importer(815301076,1909f56bfc062723c751e8b465ee728b)  -> (artifact id: '0fde1eae0816e1a53a3599055bc9bc72') in 0.058571 seconds
Number of updated asset objects reloaded before import = 0
Number of asset objects unloaded after import = 48
========================================================================
Received Import Request.
  Time since last request: 0.000018 seconds.
  path: Assets/Prefab/mob_mermaid.prefab
  artifactKey: Guid(6794b52c429db8649b41d5e71ffa4bc4) Importer(815301076,1909f56bfc062723c751e8b465ee728b)
Start importing Assets/Prefab/mob_mermaid.prefab using Guid(6794b52c429db8649b41d5e71ffa4bc4) Importer(815301076,1909f56bfc062723c751e8b465ee728b)  -> (artifact id: '26d5d27aee3fabcea366649add7952ff') in 0.043268 seconds
Number of updated asset objects reloaded before import = 0
Number of asset objects unloaded after import = 36
========================================================================
Received Import Request.
  Time since last request: 0.000023 seconds.
  path: Assets/Prefab/PrintGameResult.prefab
  artifactKey: Guid(dec0d57f6b44fa447a8cb423df0266de) Importer(815301076,1909f56bfc062723c751e8b465ee728b)
Start importing Assets/Prefab/PrintGameResult.prefab using Guid(dec0d57f6b44fa447a8cb423df0266de) Importer(815301076,1909f56bfc062723c751e8b465ee728b)  -> (artifact id: 'c4407942b5a337c4af05cdc36f59f4b3') in 0.351613 seconds
Number of updated asset objects reloaded before import = 0
Number of asset objects unloaded after import = 21
========================================================================
Received Import Request.
  Time since last request: 0.000037 seconds.
  path: Assets/Prefab/PrintNowScore.prefab
  artifactKey: Guid(30417ece0ace4c647b4e940363764f37) Importer(815301076,1909f56bfc062723c751e8b465ee728b)
Start importing Assets/Prefab/PrintNowScore.prefab using Guid(30417ece0ace4c647b4e940363764f37) Importer(815301076,1909f56bfc062723c751e8b465ee728b)  -> (artifact id: '80ffdcdf639ffa883f7dc663f331d40b') in 0.353916 seconds
Number of updated asset objects reloaded before import = 0
Number of asset objects unloaded after import = 18
========================================================================
Received Import Request.
  Time since last request: 0.000032 seconds.
  path: Assets/Prefab/swordgage.prefab
  artifactKey: Guid(fcd2a650e67d4bc42aa707ad94802bc4) Importer(815301076,1909f56bfc062723c751e8b465ee728b)
Start importing Assets/Prefab/swordgage.prefab using Guid(fcd2a650e67d4bc42aa707ad94802bc4) Importer(815301076,1909f56bfc062723c751e8b465ee728b)  -> (artifact id: 'b9cdeaef10bd9d10d718f99dedc6ce1e') in 0.028279 seconds
Number of updated asset objects reloaded before import = 0
Number of asset objects unloaded after import = 25
========================================================================
Received Import Request.
  Time since last request: 0.000025 seconds.
  path: Assets/Prefab/mob_poisonSlime.prefab
  artifactKey: Guid(0c84a0e1ccb9582439ff579c013c2b36) Importer(815301076,1909f56bfc062723c751e8b465ee728b)
Start importing Assets/Prefab/mob_poisonSlime.prefab using Guid(0c84a0e1ccb9582439ff579c013c2b36) Importer(815301076,1909f56bfc062723c751e8b465ee728b)  -> (artifact id: '782620cee344a59f9d4e39224ab4a7d1') in 0.039336 seconds
Number of updated asset objects reloaded before import = 0
Number of asset objects unloaded after import = 36
========================================================================
Received Import Request.
  Time since last request: 6.455453 seconds.
  path: Assets/Prefab/Life.prefab
  artifactKey: Guid(2bfc7e5c8c65eb74a9dc2c2dc8186ad5) Importer(815301076,1909f56bfc062723c751e8b465ee728b)
Start importing Assets/Prefab/Life.prefab using Guid(2bfc7e5c8c65eb74a9dc2c2dc8186ad5) Importer(815301076,1909f56bfc062723c751e8b465ee728b)  -> (artifact id: 'e5102b64ab681702c289bff908895682') in 0.018288 seconds
Number of updated asset objects reloaded before import = 0
Number of asset objects unloaded after import = 10
========================================================================
Received Prepare
Begin MonoManager ReloadAssembly
Symbol file LoadedFromMemory doesn't match image C:\Users\CSLT86\Documents\WhiteMask\Library\PackageCache\com.unity.visualscripting@1.8.0\Editor\VisualScripting.Core\Dependencies\YamlDotNet\Unity.VisualScripting.YamlDotNet.dll
Symbol file LoadedFromMemory doesn't match image C:\Users\CSLT86\Documents\WhiteMask\Library\PackageCache\com.unity.visualscripting@1.8.0\Editor\VisualScripting.Core\Dependencies\DotNetZip\Unity.VisualScripting.IonicZip.dll
- Loaded All Assemblies, in  1.192 seconds
Refreshing native plugins compatible for Editor in 14.26 ms, found 4 plugins.
Native extension for WindowsStandalone target not found
Mono: successfully reloaded assembly
- Finished resetting the current domain, in  4.034 seconds
Domain Reload Profiling: 5220ms
	BeginReloadAssembly (313ms)
		ExecutionOrderSort (0ms)
		DisableScriptedObjects (13ms)
		BackupInstance (0ms)
		ReleaseScriptingObjects (0ms)
		CreateAndSetChildDomain (44ms)
	RebuildCommonClasses (42ms)
	RebuildNativeTypeToScriptingClass (12ms)
	initialDomainReloadingComplete (44ms)
	LoadAllAssembliesAndSetupDomain (775ms)
		LoadAssemblies (626ms)
		RebuildTransferFunctionScriptingTraits (0ms)
		AnalyzeDomain (362ms)
			TypeCache.Refresh (354ms)
				TypeCache.ScanAssembly (338ms)
			ScanForSourceGeneratedMonoScriptInfo (0ms)
			ResolveRequiredComponents (8ms)
	FinalizeReload (4034ms)
		ReleaseScriptCaches (0ms)
		RebuildScriptCaches (0ms)
		SetupLoadedEditorAssemblies (353ms)
			LogAssemblyErrors (0ms)
			InitializePlatformSupportModulesInManaged (6ms)
			SetLoadedEditorAssemblies (3ms)
			RefreshPlugins (0ms)
			BeforeProcessingInitializeOnLoad (74ms)
			ProcessInitializeOnLoadAttributes (228ms)
			ProcessInitializeOnLoadMethodAttributes (31ms)
			AfterProcessingInitializeOnLoad (9ms)
			EditorAssembliesLoaded (0ms)
		ExecutionOrderSort2 (0ms)
		AwakeInstancesAfterBackupRestoration (14ms)
Refreshing native plugins compatible for Editor in 76.36 ms, found 4 plugins.
Preloading 0 native plugins for Editor in 0.00 ms.
Unloading 4093 Unused Serialized files (Serialized files now loaded: 0)
Unloading 39 unused Assets / (36.3 KB). Loaded Objects now: 4645.
Memory consumption went from 143.1 MB to 143.1 MB.
Total: 3.988900 ms (FindLiveObjects: 0.338100 ms CreateObjectMapping: 0.279700 ms MarkObjects: 3.233700 ms  DeleteObjects: 0.136200 ms)

Prepare: number of updated asset objects reloaded= 0
AssetImportParameters requested are different than current active one (requested -> active):
  custom:container-demuxer-ogg: 62fdf1f143b41e24485cea50d1cbac27 -> 
  custom:video-decoder-ogg-theora: a1e56fd34408186e4bbccfd4996cb3dc -> 
  custom:framework-win-MediaFoundation: 216162199b28c13a410421893ffa2e32 -> 
  custom:container-demuxer-webm: 4f35f7cbe854078d1ac9338744f61a02 -> 
  custom:container-muxer-webm: aa71ff27fc2769a1b78a27578f13a17b -> 
  custom:video-decoder-webm-vp8: 9c59270c3fd7afecdb556c50c9e8de78 -> 
  custom:SearchIndexIgnoredProperties: e643bd26f0fe6173181afceb89e7c659 -> 
  custom:AudioImporter_EditorPlatform: d09bf68614088b80899f8185d706f6e7 -> 
  custom:video-encoder-webm-vp8: eb34c28f22e8b96e1ab97ce403110664 -> 
  custom:audio-decoder-ogg-vorbis: bf7c407c2cedff20999df2af8eb42d56 -> 
  custom:audio-encoder-webm-vorbis: bf7c407c2cedff20999df2af8eb42d56 -> 
========================================================================
Received Import Request.
  Time since last request: 28.755727 seconds.
  path: Assets/Prefab/Life.prefab
  artifactKey: Guid(2bfc7e5c8c65eb74a9dc2c2dc8186ad5) Importer(815301076,1909f56bfc062723c751e8b465ee728b)
Start importing Assets/Prefab/Life.prefab using Guid(2bfc7e5c8c65eb74a9dc2c2dc8186ad5) Importer(815301076,1909f56bfc062723c751e8b465ee728b)  -> (artifact id: 'f0e6a28e9519955e44049feae3377016') in 0.085913 seconds
Number of updated asset objects reloaded before import = 0
Number of asset objects unloaded after import = 10
========================================================================
Received Prepare
Begin MonoManager ReloadAssembly
Symbol file LoadedFromMemory doesn't match image C:\Users\CSLT86\Documents\WhiteMask\Library\PackageCache\com.unity.visualscripting@1.8.0\Editor\VisualScripting.Core\Dependencies\YamlDotNet\Unity.VisualScripting.YamlDotNet.dll
Symbol file LoadedFromMemory doesn't match image C:\Users\CSLT86\Documents\WhiteMask\Library\PackageCache\com.unity.visualscripting@1.8.0\Editor\VisualScripting.Core\Dependencies\DotNetZip\Unity.VisualScripting.IonicZip.dll
- Loaded All Assemblies, in  1.200 seconds
Refreshing native plugins compatible for Editor in 15.66 ms, found 4 plugins.
Native extension for WindowsStandalone target not found
Mono: successfully reloaded assembly
- Finished resetting the current domain, in  7.482 seconds
Domain Reload Profiling: 8676ms
	BeginReloadAssembly (312ms)
		ExecutionOrderSort (0ms)
		DisableScriptedObjects (11ms)
		BackupInstance (0ms)
		ReleaseScriptingObjects (0ms)
		CreateAndSetChildDomain (42ms)
	RebuildCommonClasses (44ms)
	RebuildNativeTypeToScriptingClass (12ms)
	initialDomainReloadingComplete (42ms)
	LoadAllAssembliesAndSetupDomain (783ms)
		LoadAssemblies (663ms)
		RebuildTransferFunctionScriptingTraits (0ms)
		AnalyzeDomain (334ms)
			TypeCache.Refresh (325ms)
				TypeCache.ScanAssembly (308ms)
			ScanForSourceGeneratedMonoScriptInfo (0ms)
			ResolveRequiredComponents (8ms)
	FinalizeReload (7482ms)
		ReleaseScriptCaches (0ms)
		RebuildScriptCaches (0ms)
		SetupLoadedEditorAssemblies (348ms)
			LogAssemblyErrors (0ms)
			InitializePlatformSupportModulesInManaged (6ms)
			SetLoadedEditorAssemblies (4ms)
			RefreshPlugins (0ms)
			BeforeProcessingInitializeOnLoad (73ms)
			ProcessInitializeOnLoadAttributes (222ms)
			ProcessInitializeOnLoadMethodAttributes (32ms)
			AfterProcessingInitializeOnLoad (10ms)
			EditorAssembliesLoaded (0ms)
		ExecutionOrderSort2 (0ms)
		AwakeInstancesAfterBackupRestoration (14ms)
Refreshing native plugins compatible for Editor in 13.60 ms, found 4 plugins.
Preloading 0 native plugins for Editor in 0.00 ms.
Unloading 4093 Unused Serialized files (Serialized files now loaded: 0)
Unloading 35 unused Assets / (34.8 KB). Loaded Objects now: 4649.
Memory consumption went from 143.1 MB to 143.1 MB.
Total: 6.888800 ms (FindLiveObjects: 0.500000 ms CreateObjectMapping: 2.194800 ms MarkObjects: 4.090800 ms  DeleteObjects: 0.102000 ms)

Prepare: number of updated asset objects reloaded= 0
AssetImportParameters requested are different than current active one (requested -> active):
  custom:container-demuxer-ogg: 62fdf1f143b41e24485cea50d1cbac27 -> 
  custom:video-decoder-ogg-theora: a1e56fd34408186e4bbccfd4996cb3dc -> 
  custom:framework-win-MediaFoundation: 216162199b28c13a410421893ffa2e32 -> 
  custom:container-demuxer-webm: 4f35f7cbe854078d1ac9338744f61a02 -> 
  custom:container-muxer-webm: aa71ff27fc2769a1b78a27578f13a17b -> 
  custom:video-decoder-webm-vp8: 9c59270c3fd7afecdb556c50c9e8de78 -> 
  custom:SearchIndexIgnoredProperties: e643bd26f0fe6173181afceb89e7c659 -> 
  custom:AudioImporter_EditorPlatform: d09bf68614088b80899f8185d706f6e7 -> 
  custom:video-encoder-webm-vp8: eb34c28f22e8b96e1ab97ce403110664 -> 
  custom:audio-decoder-ogg-vorbis: bf7c407c2cedff20999df2af8eb42d56 -> 
  custom:audio-encoder-webm-vorbis: bf7c407c2cedff20999df2af8eb42d56 -> 
========================================================================
Received Prepare
Begin MonoManager ReloadAssembly
Symbol file LoadedFromMemory doesn't match image C:\Users\CSLT86\Documents\WhiteMask\Library\PackageCache\com.unity.visualscripting@1.8.0\Editor\VisualScripting.Core\Dependencies\YamlDotNet\Unity.VisualScripting.YamlDotNet.dll
Symbol file LoadedFromMemory doesn't match image C:\Users\CSLT86\Documents\WhiteMask\Library\PackageCache\com.unity.visualscripting@1.8.0\Editor\VisualScripting.Core\Dependencies\DotNetZip\Unity.VisualScripting.IonicZip.dll
- Loaded All Assemblies, in  1.162 seconds
Refreshing native plugins compatible for Editor in 18.51 ms, found 4 plugins.
Native extension for WindowsStandalone target not found
Mono: successfully reloaded assembly
- Finished resetting the current domain, in  6.508 seconds
Domain Reload Profiling: 7664ms
	BeginReloadAssembly (304ms)
		ExecutionOrderSort (0ms)
		DisableScriptedObjects (12ms)
		BackupInstance (0ms)
		ReleaseScriptingObjects (0ms)
		CreateAndSetChildDomain (42ms)
	RebuildCommonClasses (51ms)
	RebuildNativeTypeToScriptingClass (13ms)
	initialDomainReloadingComplete (44ms)
	LoadAllAssembliesAndSetupDomain (744ms)
		LoadAssemblies (622ms)
		RebuildTransferFunctionScriptingTraits (0ms)
		AnalyzeDomain (327ms)
			TypeCache.Refresh (321ms)
				TypeCache.ScanAssembly (304ms)
			ScanForSourceGeneratedMonoScriptInfo (0ms)
			ResolveRequiredComponents (7ms)
	FinalizeReload (6509ms)
		ReleaseScriptCaches (0ms)
		RebuildScriptCaches (0ms)
		SetupLoadedEditorAssemblies (406ms)
			LogAssemblyErrors (0ms)
			InitializePlatformSupportModulesInManaged (6ms)
			SetLoadedEditorAssemblies (3ms)
			RefreshPlugins (0ms)
			BeforeProcessingInitializeOnLoad (82ms)
			ProcessInitializeOnLoadAttributes (268ms)
			ProcessInitializeOnLoadMethodAttributes (36ms)
			AfterProcessingInitializeOnLoad (10ms)
			EditorAssembliesLoaded (0ms)
		ExecutionOrderSort2 (0ms)
		AwakeInstancesAfterBackupRestoration (17ms)
Refreshing native plugins compatible for Editor in 12.64 ms, found 4 plugins.
Preloading 0 native plugins for Editor in 0.00 ms.
Unloading 4094 Unused Serialized files (Serialized files now loaded: 0)
Unloading 35 unused Assets / (34.9 KB). Loaded Objects now: 4653.
Memory consumption went from 143.3 MB to 143.3 MB.
Total: 3.942500 ms (FindLiveObjects: 0.349800 ms CreateObjectMapping: 0.393600 ms MarkObjects: 3.131500 ms  DeleteObjects: 0.066700 ms)

Prepare: number of updated asset objects reloaded= 0
AssetImportParameters requested are different than current active one (requested -> active):
  custom:container-demuxer-ogg: 62fdf1f143b41e24485cea50d1cbac27 -> 
  custom:video-decoder-ogg-theora: a1e56fd34408186e4bbccfd4996cb3dc -> 
  custom:framework-win-MediaFoundation: 216162199b28c13a410421893ffa2e32 -> 
  custom:container-demuxer-webm: 4f35f7cbe854078d1ac9338744f61a02 -> 
  custom:container-muxer-webm: aa71ff27fc2769a1b78a27578f13a17b -> 
  custom:video-decoder-webm-vp8: 9c59270c3fd7afecdb556c50c9e8de78 -> 
  custom:SearchIndexIgnoredProperties: e643bd26f0fe6173181afceb89e7c659 -> 
  custom:AudioImporter_EditorPlatform: d09bf68614088b80899f8185d706f6e7 -> 
  custom:video-encoder-webm-vp8: eb34c28f22e8b96e1ab97ce403110664 -> 
  custom:audio-decoder-ogg-vorbis: bf7c407c2cedff20999df2af8eb42d56 -> 
  custom:audio-encoder-webm-vorbis: bf7c407c2cedff20999df2af8eb42d56 -> 
========================================================================
Received Prepare
Begin MonoManager ReloadAssembly
Symbol file LoadedFromMemory doesn't match image C:\Users\CSLT86\Documents\WhiteMask\Library\PackageCache\com.unity.visualscripting@1.8.0\Editor\VisualScripting.Core\Dependencies\YamlDotNet\Unity.VisualScripting.YamlDotNet.dll
Symbol file LoadedFromMemory doesn't match image C:\Users\CSLT86\Documents\WhiteMask\Library\PackageCache\com.unity.visualscripting@1.8.0\Editor\VisualScripting.Core\Dependencies\DotNetZip\Unity.VisualScripting.IonicZip.dll
- Loaded All Assemblies, in  1.166 seconds
Refreshing native plugins compatible for Editor in 20.89 ms, found 4 plugins.
Native extension for WindowsStandalone target not found
Mono: successfully reloaded assembly
- Finished resetting the current domain, in  8.468 seconds
Domain Reload Profiling: 9629ms
	BeginReloadAssembly (308ms)
		ExecutionOrderSort (0ms)
		DisableScriptedObjects (12ms)
		BackupInstance (0ms)
		ReleaseScriptingObjects (0ms)
		CreateAndSetChildDomain (41ms)
	RebuildCommonClasses (44ms)
	RebuildNativeTypeToScriptingClass (12ms)
	initialDomainReloadingComplete (45ms)
	LoadAllAssembliesAndSetupDomain (750ms)
		LoadAssemblies (644ms)
		RebuildTransferFunctionScriptingTraits (0ms)
		AnalyzeDomain (313ms)
			TypeCache.Refresh (304ms)
				TypeCache.ScanAssembly (287ms)
			ScanForSourceGeneratedMonoScriptInfo (0ms)
			ResolveRequiredComponents (8ms)
	FinalizeReload (8469ms)
		ReleaseScriptCaches (0ms)
		RebuildScriptCaches (0ms)
		SetupLoadedEditorAssemblies (582ms)
			LogAssemblyErrors (0ms)
			InitializePlatformSupportModulesInManaged (8ms)
			SetLoadedEditorAssemblies (5ms)
			RefreshPlugins (0ms)
			BeforeProcessingInitializeOnLoad (119ms)
			ProcessInitializeOnLoadAttributes (385ms)
			ProcessInitializeOnLoadMethodAttributes (51ms)
			AfterProcessingInitializeOnLoad (13ms)
			EditorAssembliesLoaded (0ms)
		ExecutionOrderSort2 (0ms)
		AwakeInstancesAfterBackupRestoration (19ms)
Refreshing native plugins compatible for Editor in 112.95 ms, found 4 plugins.
Preloading 0 native plugins for Editor in 0.00 ms.
Unloading 4094 Unused Serialized files (Serialized files now loaded: 0)
Unloading 35 unused Assets / (34.9 KB). Loaded Objects now: 4657.
Memory consumption went from 143.4 MB to 143.3 MB.
Total: 12.356700 ms (FindLiveObjects: 0.979100 ms CreateObjectMapping: 2.256700 ms MarkObjects: 9.009900 ms  DeleteObjects: 0.109200 ms)

Prepare: number of updated asset objects reloaded= 0
AssetImportParameters requested are different than current active one (requested -> active):
  custom:container-demuxer-ogg: 62fdf1f143b41e24485cea50d1cbac27 -> 
  custom:video-decoder-ogg-theora: a1e56fd34408186e4bbccfd4996cb3dc -> 
  custom:framework-win-MediaFoundation: 216162199b28c13a410421893ffa2e32 -> 
  custom:container-demuxer-webm: 4f35f7cbe854078d1ac9338744f61a02 -> 
  custom:container-muxer-webm: aa71ff27fc2769a1b78a27578f13a17b -> 
  custom:video-decoder-webm-vp8: 9c59270c3fd7afecdb556c50c9e8de78 -> 
  custom:SearchIndexIgnoredProperties: e643bd26f0fe6173181afceb89e7c659 -> 
  custom:AudioImporter_EditorPlatform: d09bf68614088b80899f8185d706f6e7 -> 
  custom:video-encoder-webm-vp8: eb34c28f22e8b96e1ab97ce403110664 -> 
  custom:audio-decoder-ogg-vorbis: bf7c407c2cedff20999df2af8eb42d56 -> 
  custom:audio-encoder-webm-vorbis: bf7c407c2cedff20999df2af8eb42d56 -> 
